{ Using PSTWRITER 17.4.0 d001Nov-29-2022 at 21:19:05 }

#1 WARNING(ORCAP-36042): Pin "SHA" is renamed to "SHA#7" as visible power pin of same name already exists in Package CON1.25-6P , J6001: FOC_Control_Main, 06 MCU (147.32, 10.16).
#2 WARNING(ORCAP-36042): Pin "SHA" is renamed to "SHA#8" as visible power pin of same name already exists in Package CON1.25-6P , J6001: FOC_Control_Main, 06 MCU (147.32, 10.16).
#3 WARNING(ORCAP-36042): Pin "SHA" is renamed to "SHA#5" as visible power pin of same name already exists in Package CON1.25-4P , J6002: FOC_Control_Main, 06 MCU (226.06, 12.70).
#4 WARNING(ORCAP-36042): Pin "SHA" is renamed to "SHA#6" as visible power pin of same name already exists in Package CON1.25-4P , J6002: FOC_Control_Main, 06 MCU (226.06, 12.70).
#5 WARNING(ORCAP-36042): Pin "SHA" is renamed to "SHA#4" as visible power pin of same name already exists in Package CON1.25-3P , J6003: FOC_Control_Main, 06 MCU (287.02, 15.24).
#6 WARNING(ORCAP-36042): Pin "SHA" is renamed to "SHA#5" as visible power pin of same name already exists in Package CON1.25-3P , J6003: FOC_Control_Main, 06 MCU (287.02, 15.24).
#7 WARNING(ORCAP-36042): Pin "SHA" is renamed to "SHA#3" as visible power pin of same name already exists in Package CON1.25-2P , J6005: FOC_Control_Main, 06 MCU (73.66, 254.00).
#8 WARNING(ORCAP-36042): Pin "SHA" is renamed to "SHA#4" as visible power pin of same name already exists in Package CON1.25-2P , J6005: FOC_Control_Main, 06 MCU (73.66, 254.00).
#9 WARNING(ORCAP-36042): Pin "VBUS" is renamed to "VBUS#A4" as visible power pin of same name already exists in Package TypeC_16P , TYPE_C6001: FOC_Control_Main, 06 MCU (213.36, 215.90).
#10 WARNING(ORCAP-36042): Pin "VBUS" is renamed to "VBUS#A9" as visible power pin of same name already exists in Package TypeC_16P , TYPE_C6001: FOC_Control_Main, 06 MCU (213.36, 215.90).
#11 WARNING(ORCAP-36042): Pin "GND" is renamed to "GND#A1" as visible power pin of same name already exists in Package TypeC_16P , TYPE_C6001: FOC_Control_Main, 06 MCU (213.36, 215.90).
#12 WARNING(ORCAP-36042): Pin "GND" is renamed to "GND#A12" as visible power pin of same name already exists in Package TypeC_16P , TYPE_C6001: FOC_Control_Main, 06 MCU (213.36, 215.90).
#13 WARNING(ORCAP-36042): Pin "GND" is renamed to "GND#B1" as visible power pin of same name already exists in Package TypeC_16P , TYPE_C6001: FOC_Control_Main, 06 MCU (213.36, 215.90).
#14 WARNING(ORCAP-36042): Pin "GND" is renamed to "GND#B12" as visible power pin of same name already exists in Package TypeC_16P , TYPE_C6001: FOC_Control_Main, 06 MCU (213.36, 215.90).
#15 WARNING(ORCAP-36042): Pin "VBUS" is renamed to "VBUS#B9" as visible power pin of same name already exists in Package TypeC_16P , TYPE_C6001: FOC_Control_Main, 06 MCU (213.36, 215.90).
#16 WARNING(ORCAP-36042): Pin "VBUS" is renamed to "VBUS#B4" as visible power pin of same name already exists in Package TypeC_16P , TYPE_C6001: FOC_Control_Main, 06 MCU (213.36, 215.90).
#17 WARNING(ORCAP-36042): Pin "SHD" is renamed to "SHD#1" as visible power pin of same name already exists in Package TypeC_16P , TYPE_C6001: FOC_Control_Main, 06 MCU (213.36, 215.90).
#18 WARNING(ORCAP-36042): Pin "SHD" is renamed to "SHD#2" as visible power pin of same name already exists in Package TypeC_16P , TYPE_C6001: FOC_Control_Main, 06 MCU (213.36, 215.90).
#19 WARNING(ORCAP-36042): Pin "SHD" is renamed to "SHD#3" as visible power pin of same name already exists in Package TypeC_16P , TYPE_C6001: FOC_Control_Main, 06 MCU (213.36, 215.90).
#20 WARNING(ORCAP-36042): Pin "SHD" is renamed to "SHD#4" as visible power pin of same name already exists in Package TypeC_16P , TYPE_C6001: FOC_Control_Main, 06 MCU (213.36, 215.90).
#21 WARNING(ORCAP-36042): Pin "VSS" is renamed to "VSS#23" as visible power pin of same name already exists in Package STM32G431CBT6 , U6002: FOC_Control_Main, 06 MCU (200.66, 83.82).
#22 WARNING(ORCAP-36042): Pin "VDD" is renamed to "VDD#24" as visible power pin of same name already exists in Package STM32G431CBT6 , U6002: FOC_Control_Main, 06 MCU (200.66, 83.82).
#23 WARNING(ORCAP-36042): Pin "VDD" is renamed to "VDD#36" as visible power pin of same name already exists in Package STM32G431CBT6 , U6002: FOC_Control_Main, 06 MCU (200.66, 83.82).
#24 WARNING(ORCAP-36042): Pin "VSS" is renamed to "VSS#35" as visible power pin of same name already exists in Package STM32G431CBT6 , U6002: FOC_Control_Main, 06 MCU (200.66, 83.82).
#25 WARNING(ORCAP-36042): Pin "VDD" is renamed to "VDD#48" as visible power pin of same name already exists in Package STM32G431CBT6 , U6002: FOC_Control_Main, 06 MCU (200.66, 83.82).
#26 WARNING(ORCAP-36042): Pin "VSS" is renamed to "VSS#47" as visible power pin of same name already exists in Package STM32G431CBT6 , U6002: FOC_Control_Main, 06 MCU (200.66, 83.82).
#27 WARNING(ORCAP-36042): Pin "GND" is renamed to "GND#2" as visible power pin of same name already exists in Package XTAL-4 , Y6002: FOC_Control_Main, 06 MCU (81.28, 114.30).
#28 WARNING(ORCAP-36042): Pin "GND" is renamed to "GND#4" as visible power pin of same name already exists in Package XTAL-4 , Y6002: FOC_Control_Main, 06 MCU (81.28, 114.30).
INFO(ORCAP-36080): Scanning netlist files ...

Loading... C:\USERS\JOSEPHKEVIN\DESKTOP\FOC\1.HARDWARE\02.FOC_CONTROL\01.SCH\allegro\pstchip.dat

Loading... C:\USERS\JOSEPHKEVIN\DESKTOP\FOC\1.HARDWARE\02.FOC_CONTROL\01.SCH\allegro\pstchip.dat

Loading... C:\USERS\JOSEPHKEVIN\DESKTOP\FOC\1.HARDWARE\02.FOC_CONTROL\01.SCH\allegro\pstxprt.dat

Loading... C:\USERS\JOSEPHKEVIN\DESKTOP\FOC\1.HARDWARE\02.FOC_CONTROL\01.SCH\allegro\pstxnet.dat
packaging the design view...