Added Component: Designator=C1(C0402_L)
Add component (AddParameter): Name = "BOM名称"; Value = "无极性贴片电容"; VariantName = "[No Variations]"
Add component (AddParameter): Name = "联系卖家，免费查找封装"; Value = "唯一出售店铺网址https://shop463601444.taobao.com"; VariantName = "[No Variations]"
Added Component: Designator=JP1(SH1.0-WT-5P)
Add component (AddParameter): Name = "BOM名称"; Value = "5P连接器"; VariantName = "[No Variations]"
Add component (AddParameter): Name = "联系卖家 免费技术支持"; Value = "封装库来自淘宝卖家ID：黄晶宝石"; VariantName = "[No Variations]"
Add component (AddParameter): Name = "联系卖家 免费查找封装"; Value = "唯一出售店铺网址https://shop463601444.taobao.com"; VariantName = "[No Variations]"
Added Component: Designator=M1(M2焊盘)
Added Component: Designator=M2(M2焊盘)
Added Component: Designator=M3(M2焊盘)
Added Component: Designator=M4(M2焊盘)
Added Component: Designator=R1(R0402_L)
Add component (AddParameter): Name = "BOM名称"; Value = "贴片电阻"; VariantName = "[No Variations]"
Add component (AddParameter): Name = "联系卖家，免费查找封装"; Value = "唯一出售店铺网址https://shop463601444.taobao.com"; VariantName = "[No Variations]"
Added Component: Designator=R2(R0402_L)
Add component (AddParameter): Name = "BOM名称"; Value = "贴片电阻"; VariantName = "[No Variations]"
Add component (AddParameter): Name = "联系卖家，免费查找封装"; Value = "唯一出售店铺网址https://shop463601444.taobao.com"; VariantName = "[No Variations]"
Added Component: Designator=R3(R0402_L)
Add component (AddParameter): Name = "BOM名称"; Value = "贴片电阻"; VariantName = "[No Variations]"
Add component (AddParameter): Name = "联系卖家，免费查找封装"; Value = "唯一出售店铺网址https://shop463601444.taobao.com"; VariantName = "[No Variations]"
Added Component: Designator=R4(R0402_L)
Add component (AddParameter): Name = "BOM名称"; Value = "贴片电阻"; VariantName = "[No Variations]"
Add component (AddParameter): Name = "联系卖家，免费查找封装"; Value = "唯一出售店铺网址https://shop463601444.taobao.com"; VariantName = "[No Variations]"
Added Component: Designator=R5(R0402_L)
Add component (AddParameter): Name = "BOM名称"; Value = "贴片电阻"; VariantName = "[No Variations]"
Add component (AddParameter): Name = "联系卖家，免费查找封装"; Value = "唯一出售店铺网址https://shop463601444.taobao.com"; VariantName = "[No Variations]"
Added Component: Designator=U1(SOIC-8L)
Added Pin To Net: NetName=AS5600_OUT Pin=JP1-5
Added Pin To Net: NetName=AS5600_OUT Pin=U1-3
Added Net: Name=AS5600_OUT
Added Pin To Net: NetName=AS5600_SCL Pin=JP1-3
Added Pin To Net: NetName=AS5600_SCL Pin=R3-2
Added Pin To Net: NetName=AS5600_SCL Pin=U1-7
Added Net: Name=AS5600_SCL
Added Pin To Net: NetName=AS5600_SDA Pin=JP1-4
Added Pin To Net: NetName=AS5600_SDA Pin=R4-2
Added Pin To Net: NetName=AS5600_SDA Pin=U1-6
Added Net: Name=AS5600_SDA
Added Pin To Net: NetName=GND Pin=C1-1
Added Pin To Net: NetName=GND Pin=JP1-0
Added Pin To Net: NetName=GND Pin=JP1-0
Added Pin To Net: NetName=GND Pin=JP1-2
Added Pin To Net: NetName=GND Pin=M1-1
Added Pin To Net: NetName=GND Pin=M2-1
Added Pin To Net: NetName=GND Pin=M3-1
Added Pin To Net: NetName=GND Pin=M4-1
Added Pin To Net: NetName=GND Pin=R2-1
Added Pin To Net: NetName=GND Pin=R5-2
Added Pin To Net: NetName=GND Pin=U1-4
Added Net: Name=GND
Added Pin To Net: NetName=NetR1_1 Pin=R1-1
Added Pin To Net: NetName=NetR1_1 Pin=R2-2
Added Pin To Net: NetName=NetR1_1 Pin=U1-8
Added Net: Name=NetR1_1
Added Pin To Net: NetName=NetR5_1 Pin=R5-1
Added Pin To Net: NetName=NetR5_1 Pin=U1-5
Added Net: Name=NetR5_1
Added Pin To Net: NetName=VCC_3V3 Pin=C1-2
Added Pin To Net: NetName=VCC_3V3 Pin=JP1-1
Added Pin To Net: NetName=VCC_3V3 Pin=R1-2
Added Pin To Net: NetName=VCC_3V3 Pin=R3-1
Added Pin To Net: NetName=VCC_3V3 Pin=R4-1
Added Pin To Net: NetName=VCC_3V3 Pin=U1-1
Added Pin To Net: NetName=VCC_3V3 Pin=U1-2
Added Net: Name=VCC_3V3
Added Class: Name=AS5600
Added Room: Name=AS5600
